2024-12-29 18:02:47,055 - INFO - Tesseract version: 5.5.0.20241111
2024-12-29 18:02:47,056 - INFO - Found language files: C:\Program Files\Tesseract-OCR\tessdata\eng.traineddata, C:\Program Files\Tesseract-OCR\tessdata\spa.traineddata, C:\Program Files\Tesseract-OCR\tessdata\cat.traineddata
2024-12-29 18:02:47,056 - INFO - Starting to process PDF: C:\Proton Drive\My files\Documentación\Calle Barraca 8-2\JuanCuecosIbañez.pdf
2024-12-29 18:02:47,056 - INFO - Creating temporary copy at: C:\Users\Aleja\AppData\Local\Temp\Expapyrus\JuanCuecosIbañez.pdf
2024-12-29 18:02:47,094 - ERROR - Failed to process PDF C:\Proton Drive\My files\Documentación\Calle Barraca 8-2\JuanCuecosIbañez.pdf: 'PDFOCRExtractor' object has no attribute '_convert_pdf_to_images'
2024-12-29 18:02:47,094 - INFO - Starting cleanup...
2024-12-29 18:02:47,096 - INFO - Cleanup completed
2024-12-29 18:06:36,438 - INFO - Tesseract version: 5.5.0.20241111
2024-12-29 18:06:36,438 - INFO - Found language files: C:\Program Files\Tesseract-OCR\tessdata\eng.traineddata, C:\Program Files\Tesseract-OCR\tessdata\spa.traineddata, C:\Program Files\Tesseract-OCR\tessdata\cat.traineddata
2024-12-29 18:06:36,439 - INFO - Starting to process PDF: C:\Proton Drive\My files\Documentación\Calle Barraca 8-2\CompiladoCBarraca82.pdf
2024-12-29 18:06:36,439 - INFO - Creating temporary copy at: C:\Users\Aleja\AppData\Local\Temp\Expapyrus\CompiladoCBarraca82.pdf
2024-12-29 18:06:36,474 - INFO - Converting PDF to images: C:\Users\Aleja\AppData\Local\Temp\Expapyrus\CompiladoCBarraca82.pdf
2024-12-29 18:06:36,474 - INFO - Checking poppler at: C:\Program Files\poppler-23.11.0\Library\bin
2024-12-29 18:06:36,475 - WARNING - Poppler not found, attempting conversion without explicit path
2024-12-29 18:06:42,331 - INFO - Successfully converted 12 pages
2024-12-29 18:06:42,332 - INFO - Processing image 1/12
2024-12-29 18:06:42,416 - ERROR - Error processing image 1: (1, 'Error opening data file C:\\Program Files\\Tesseract-OCR/eng.traineddata Please make sure the TESSDATA_PREFIX environment variable is set to your "tessdata" directory. Failed loading language \'eng\' Error opening data file C:\\Program Files\\Tesseract-OCR/spa.traineddata Please make sure the TESSDATA_PREFIX environment variable is set to your "tessdata" directory. Failed loading language \'spa\' Error opening data file C:\\Program Files\\Tesseract-OCR/cat.traineddata Please make sure the TESSDATA_PREFIX environment variable is set to your "tessdata" directory. Failed loading language \'cat\' Tesseract couldn\'t load any languages! Could not initialize tesseract.')
2024-12-29 18:06:42,417 - INFO - Processing image 2/12
2024-12-29 18:06:42,495 - ERROR - Error processing image 2: (1, 'Error opening data file C:\\Program Files\\Tesseract-OCR/eng.traineddata Please make sure the TESSDATA_PREFIX environment variable is set to your "tessdata" directory. Failed loading language \'eng\' Error opening data file C:\\Program Files\\Tesseract-OCR/spa.traineddata Please make sure the TESSDATA_PREFIX environment variable is set to your "tessdata" directory. Failed loading language \'spa\' Error opening data file C:\\Program Files\\Tesseract-OCR/cat.traineddata Please make sure the TESSDATA_PREFIX environment variable is set to your "tessdata" directory. Failed loading language \'cat\' Tesseract couldn\'t load any languages! Could not initialize tesseract.')
2024-12-29 18:06:42,496 - INFO - Processing image 3/12
2024-12-29 18:06:42,576 - ERROR - Error processing image 3: (1, 'Error opening data file C:\\Program Files\\Tesseract-OCR/eng.traineddata Please make sure the TESSDATA_PREFIX environment variable is set to your "tessdata" directory. Failed loading language \'eng\' Error opening data file C:\\Program Files\\Tesseract-OCR/spa.traineddata Please make sure the TESSDATA_PREFIX environment variable is set to your "tessdata" directory. Failed loading language \'spa\' Error opening data file C:\\Program Files\\Tesseract-OCR/cat.traineddata Please make sure the TESSDATA_PREFIX environment variable is set to your "tessdata" directory. Failed loading language \'cat\' Tesseract couldn\'t load any languages! Could not initialize tesseract.')
2024-12-29 18:06:42,577 - INFO - Processing image 4/12
2024-12-29 18:06:42,658 - ERROR - Error processing image 4: (1, 'Error opening data file C:\\Program Files\\Tesseract-OCR/eng.traineddata Please make sure the TESSDATA_PREFIX environment variable is set to your "tessdata" directory. Failed loading language \'eng\' Error opening data file C:\\Program Files\\Tesseract-OCR/spa.traineddata Please make sure the TESSDATA_PREFIX environment variable is set to your "tessdata" directory. Failed loading language \'spa\' Error opening data file C:\\Program Files\\Tesseract-OCR/cat.traineddata Please make sure the TESSDATA_PREFIX environment variable is set to your "tessdata" directory. Failed loading language \'cat\' Tesseract couldn\'t load any languages! Could not initialize tesseract.')
2024-12-29 18:06:42,659 - INFO - Processing image 5/12
2024-12-29 18:06:42,739 - ERROR - Error processing image 5: (1, 'Error opening data file C:\\Program Files\\Tesseract-OCR/eng.traineddata Please make sure the TESSDATA_PREFIX environment variable is set to your "tessdata" directory. Failed loading language \'eng\' Error opening data file C:\\Program Files\\Tesseract-OCR/spa.traineddata Please make sure the TESSDATA_PREFIX environment variable is set to your "tessdata" directory. Failed loading language \'spa\' Error opening data file C:\\Program Files\\Tesseract-OCR/cat.traineddata Please make sure the TESSDATA_PREFIX environment variable is set to your "tessdata" directory. Failed loading language \'cat\' Tesseract couldn\'t load any languages! Could not initialize tesseract.')
2024-12-29 18:06:42,740 - INFO - Processing image 6/12
2024-12-29 18:06:42,820 - ERROR - Error processing image 6: (1, 'Error opening data file C:\\Program Files\\Tesseract-OCR/eng.traineddata Please make sure the TESSDATA_PREFIX environment variable is set to your "tessdata" directory. Failed loading language \'eng\' Error opening data file C:\\Program Files\\Tesseract-OCR/spa.traineddata Please make sure the TESSDATA_PREFIX environment variable is set to your "tessdata" directory. Failed loading language \'spa\' Error opening data file C:\\Program Files\\Tesseract-OCR/cat.traineddata Please make sure the TESSDATA_PREFIX environment variable is set to your "tessdata" directory. Failed loading language \'cat\' Tesseract couldn\'t load any languages! Could not initialize tesseract.')
2024-12-29 18:06:42,820 - INFO - Processing image 7/12
2024-12-29 18:06:42,900 - ERROR - Error processing image 7: (1, 'Error opening data file C:\\Program Files\\Tesseract-OCR/eng.traineddata Please make sure the TESSDATA_PREFIX environment variable is set to your "tessdata" directory. Failed loading language \'eng\' Error opening data file C:\\Program Files\\Tesseract-OCR/spa.traineddata Please make sure the TESSDATA_PREFIX environment variable is set to your "tessdata" directory. Failed loading language \'spa\' Error opening data file C:\\Program Files\\Tesseract-OCR/cat.traineddata Please make sure the TESSDATA_PREFIX environment variable is set to your "tessdata" directory. Failed loading language \'cat\' Tesseract couldn\'t load any languages! Could not initialize tesseract.')
2024-12-29 18:06:42,900 - INFO - Processing image 8/12
2024-12-29 18:06:42,977 - ERROR - Error processing image 8: (1, 'Error opening data file C:\\Program Files\\Tesseract-OCR/eng.traineddata Please make sure the TESSDATA_PREFIX environment variable is set to your "tessdata" directory. Failed loading language \'eng\' Error opening data file C:\\Program Files\\Tesseract-OCR/spa.traineddata Please make sure the TESSDATA_PREFIX environment variable is set to your "tessdata" directory. Failed loading language \'spa\' Error opening data file C:\\Program Files\\Tesseract-OCR/cat.traineddata Please make sure the TESSDATA_PREFIX environment variable is set to your "tessdata" directory. Failed loading language \'cat\' Tesseract couldn\'t load any languages! Could not initialize tesseract.')
2024-12-29 18:06:42,977 - INFO - Processing image 9/12
2024-12-29 18:06:43,052 - ERROR - Error processing image 9: (1, 'Error opening data file C:\\Program Files\\Tesseract-OCR/eng.traineddata Please make sure the TESSDATA_PREFIX environment variable is set to your "tessdata" directory. Failed loading language \'eng\' Error opening data file C:\\Program Files\\Tesseract-OCR/spa.traineddata Please make sure the TESSDATA_PREFIX environment variable is set to your "tessdata" directory. Failed loading language \'spa\' Error opening data file C:\\Program Files\\Tesseract-OCR/cat.traineddata Please make sure the TESSDATA_PREFIX environment variable is set to your "tessdata" directory. Failed loading language \'cat\' Tesseract couldn\'t load any languages! Could not initialize tesseract.')
2024-12-29 18:06:43,052 - INFO - Processing image 10/12
2024-12-29 18:06:43,130 - ERROR - Error processing image 10: (1, 'Error opening data file C:\\Program Files\\Tesseract-OCR/eng.traineddata Please make sure the TESSDATA_PREFIX environment variable is set to your "tessdata" directory. Failed loading language \'eng\' Error opening data file C:\\Program Files\\Tesseract-OCR/spa.traineddata Please make sure the TESSDATA_PREFIX environment variable is set to your "tessdata" directory. Failed loading language \'spa\' Error opening data file C:\\Program Files\\Tesseract-OCR/cat.traineddata Please make sure the TESSDATA_PREFIX environment variable is set to your "tessdata" directory. Failed loading language \'cat\' Tesseract couldn\'t load any languages! Could not initialize tesseract.')
2024-12-29 18:06:43,131 - INFO - Processing image 11/12
2024-12-29 18:06:43,207 - ERROR - Error processing image 11: (1, 'Error opening data file C:\\Program Files\\Tesseract-OCR/eng.traineddata Please make sure the TESSDATA_PREFIX environment variable is set to your "tessdata" directory. Failed loading language \'eng\' Error opening data file C:\\Program Files\\Tesseract-OCR/spa.traineddata Please make sure the TESSDATA_PREFIX environment variable is set to your "tessdata" directory. Failed loading language \'spa\' Error opening data file C:\\Program Files\\Tesseract-OCR/cat.traineddata Please make sure the TESSDATA_PREFIX environment variable is set to your "tessdata" directory. Failed loading language \'cat\' Tesseract couldn\'t load any languages! Could not initialize tesseract.')
2024-12-29 18:06:43,208 - INFO - Processing image 12/12
2024-12-29 18:06:43,281 - ERROR - Error processing image 12: (1, 'Error opening data file C:\\Program Files\\Tesseract-OCR/eng.traineddata Please make sure the TESSDATA_PREFIX environment variable is set to your "tessdata" directory. Failed loading language \'eng\' Error opening data file C:\\Program Files\\Tesseract-OCR/spa.traineddata Please make sure the TESSDATA_PREFIX environment variable is set to your "tessdata" directory. Failed loading language \'spa\' Error opening data file C:\\Program Files\\Tesseract-OCR/cat.traineddata Please make sure the TESSDATA_PREFIX environment variable is set to your "tessdata" directory. Failed loading language \'cat\' Tesseract couldn\'t load any languages! Could not initialize tesseract.')
2024-12-29 18:06:43,281 - INFO - Starting cleanup...
2024-12-29 18:06:43,320 - INFO - Cleanup completed
2024-12-29 18:08:00,781 - INFO - Tesseract version: 5.5.0.20241111
2024-12-29 18:08:00,782 - INFO - Found language files: C:\Program Files\Tesseract-OCR\tessdata\eng.traineddata, C:\Program Files\Tesseract-OCR\tessdata\spa.traineddata, C:\Program Files\Tesseract-OCR\tessdata\cat.traineddata
2024-12-29 18:08:00,782 - INFO - Starting to process PDF: C:\Proton Drive\My files\Documentación\Calle Barraca 8-2\JuanCuecosIbañez.pdf
2024-12-29 18:08:00,782 - INFO - Creating temporary copy at: C:\Users\Aleja\AppData\Local\Temp\Expapyrus\JuanCuecosIbañez.pdf
2024-12-29 18:08:00,797 - INFO - Converting PDF to images: C:\Users\Aleja\AppData\Local\Temp\Expapyrus\JuanCuecosIbañez.pdf
2024-12-29 18:08:00,797 - INFO - Checking poppler at: C:\Program Files\poppler-23.11.0\Library\bin
2024-12-29 18:08:00,798 - WARNING - Poppler not found, attempting conversion without explicit path
2024-12-29 18:08:04,279 - INFO - Successfully converted 12 pages
2024-12-29 18:08:04,280 - INFO - Processing image 1/12
2024-12-29 18:08:04,357 - ERROR - Error processing image 1: (1, 'Error opening data file C:\\Program Files\\Tesseract-OCR/eng.traineddata Please make sure the TESSDATA_PREFIX environment variable is set to your "tessdata" directory. Failed loading language \'eng\' Error opening data file C:\\Program Files\\Tesseract-OCR/spa.traineddata Please make sure the TESSDATA_PREFIX environment variable is set to your "tessdata" directory. Failed loading language \'spa\' Error opening data file C:\\Program Files\\Tesseract-OCR/cat.traineddata Please make sure the TESSDATA_PREFIX environment variable is set to your "tessdata" directory. Failed loading language \'cat\' Tesseract couldn\'t load any languages! Could not initialize tesseract.')
2024-12-29 18:08:04,357 - INFO - Processing image 2/12
2024-12-29 18:08:04,434 - ERROR - Error processing image 2: (1, 'Error opening data file C:\\Program Files\\Tesseract-OCR/eng.traineddata Please make sure the TESSDATA_PREFIX environment variable is set to your "tessdata" directory. Failed loading language \'eng\' Error opening data file C:\\Program Files\\Tesseract-OCR/spa.traineddata Please make sure the TESSDATA_PREFIX environment variable is set to your "tessdata" directory. Failed loading language \'spa\' Error opening data file C:\\Program Files\\Tesseract-OCR/cat.traineddata Please make sure the TESSDATA_PREFIX environment variable is set to your "tessdata" directory. Failed loading language \'cat\' Tesseract couldn\'t load any languages! Could not initialize tesseract.')
2024-12-29 18:08:04,434 - INFO - Processing image 3/12
2024-12-29 18:08:04,505 - ERROR - Error processing image 3: (1, 'Error opening data file C:\\Program Files\\Tesseract-OCR/eng.traineddata Please make sure the TESSDATA_PREFIX environment variable is set to your "tessdata" directory. Failed loading language \'eng\' Error opening data file C:\\Program Files\\Tesseract-OCR/spa.traineddata Please make sure the TESSDATA_PREFIX environment variable is set to your "tessdata" directory. Failed loading language \'spa\' Error opening data file C:\\Program Files\\Tesseract-OCR/cat.traineddata Please make sure the TESSDATA_PREFIX environment variable is set to your "tessdata" directory. Failed loading language \'cat\' Tesseract couldn\'t load any languages! Could not initialize tesseract.')
2024-12-29 18:08:04,506 - INFO - Processing image 4/12
2024-12-29 18:08:04,579 - ERROR - Error processing image 4: (1, 'Error opening data file C:\\Program Files\\Tesseract-OCR/eng.traineddata Please make sure the TESSDATA_PREFIX environment variable is set to your "tessdata" directory. Failed loading language \'eng\' Error opening data file C:\\Program Files\\Tesseract-OCR/spa.traineddata Please make sure the TESSDATA_PREFIX environment variable is set to your "tessdata" directory. Failed loading language \'spa\' Error opening data file C:\\Program Files\\Tesseract-OCR/cat.traineddata Please make sure the TESSDATA_PREFIX environment variable is set to your "tessdata" directory. Failed loading language \'cat\' Tesseract couldn\'t load any languages! Could not initialize tesseract.')
2024-12-29 18:08:04,579 - INFO - Processing image 5/12
2024-12-29 18:08:04,654 - ERROR - Error processing image 5: (1, 'Error opening data file C:\\Program Files\\Tesseract-OCR/eng.traineddata Please make sure the TESSDATA_PREFIX environment variable is set to your "tessdata" directory. Failed loading language \'eng\' Error opening data file C:\\Program Files\\Tesseract-OCR/spa.traineddata Please make sure the TESSDATA_PREFIX environment variable is set to your "tessdata" directory. Failed loading language \'spa\' Error opening data file C:\\Program Files\\Tesseract-OCR/cat.traineddata Please make sure the TESSDATA_PREFIX environment variable is set to your "tessdata" directory. Failed loading language \'cat\' Tesseract couldn\'t load any languages! Could not initialize tesseract.')
2024-12-29 18:08:04,655 - INFO - Processing image 6/12
2024-12-29 18:08:04,744 - ERROR - Error processing image 6: (1, 'Error opening data file C:\\Program Files\\Tesseract-OCR/eng.traineddata Please make sure the TESSDATA_PREFIX environment variable is set to your "tessdata" directory. Failed loading language \'eng\' Error opening data file C:\\Program Files\\Tesseract-OCR/spa.traineddata Please make sure the TESSDATA_PREFIX environment variable is set to your "tessdata" directory. Failed loading language \'spa\' Error opening data file C:\\Program Files\\Tesseract-OCR/cat.traineddata Please make sure the TESSDATA_PREFIX environment variable is set to your "tessdata" directory. Failed loading language \'cat\' Tesseract couldn\'t load any languages! Could not initialize tesseract.')
2024-12-29 18:08:04,745 - INFO - Processing image 7/12
2024-12-29 18:08:04,828 - ERROR - Error processing image 7: (1, 'Error opening data file C:\\Program Files\\Tesseract-OCR/eng.traineddata Please make sure the TESSDATA_PREFIX environment variable is set to your "tessdata" directory. Failed loading language \'eng\' Error opening data file C:\\Program Files\\Tesseract-OCR/spa.traineddata Please make sure the TESSDATA_PREFIX environment variable is set to your "tessdata" directory. Failed loading language \'spa\' Error opening data file C:\\Program Files\\Tesseract-OCR/cat.traineddata Please make sure the TESSDATA_PREFIX environment variable is set to your "tessdata" directory. Failed loading language \'cat\' Tesseract couldn\'t load any languages! Could not initialize tesseract.')
2024-12-29 18:08:04,829 - INFO - Processing image 8/12
2024-12-29 18:08:04,899 - ERROR - Error processing image 8: (1, 'Error opening data file C:\\Program Files\\Tesseract-OCR/eng.traineddata Please make sure the TESSDATA_PREFIX environment variable is set to your "tessdata" directory. Failed loading language \'eng\' Error opening data file C:\\Program Files\\Tesseract-OCR/spa.traineddata Please make sure the TESSDATA_PREFIX environment variable is set to your "tessdata" directory. Failed loading language \'spa\' Error opening data file C:\\Program Files\\Tesseract-OCR/cat.traineddata Please make sure the TESSDATA_PREFIX environment variable is set to your "tessdata" directory. Failed loading language \'cat\' Tesseract couldn\'t load any languages! Could not initialize tesseract.')
2024-12-29 18:08:04,900 - INFO - Processing image 9/12
2024-12-29 18:08:04,975 - ERROR - Error processing image 9: (1, 'Error opening data file C:\\Program Files\\Tesseract-OCR/eng.traineddata Please make sure the TESSDATA_PREFIX environment variable is set to your "tessdata" directory. Failed loading language \'eng\' Error opening data file C:\\Program Files\\Tesseract-OCR/spa.traineddata Please make sure the TESSDATA_PREFIX environment variable is set to your "tessdata" directory. Failed loading language \'spa\' Error opening data file C:\\Program Files\\Tesseract-OCR/cat.traineddata Please make sure the TESSDATA_PREFIX environment variable is set to your "tessdata" directory. Failed loading language \'cat\' Tesseract couldn\'t load any languages! Could not initialize tesseract.')
2024-12-29 18:08:04,976 - INFO - Processing image 10/12
2024-12-29 18:08:05,053 - ERROR - Error processing image 10: (1, 'Error opening data file C:\\Program Files\\Tesseract-OCR/eng.traineddata Please make sure the TESSDATA_PREFIX environment variable is set to your "tessdata" directory. Failed loading language \'eng\' Error opening data file C:\\Program Files\\Tesseract-OCR/spa.traineddata Please make sure the TESSDATA_PREFIX environment variable is set to your "tessdata" directory. Failed loading language \'spa\' Error opening data file C:\\Program Files\\Tesseract-OCR/cat.traineddata Please make sure the TESSDATA_PREFIX environment variable is set to your "tessdata" directory. Failed loading language \'cat\' Tesseract couldn\'t load any languages! Could not initialize tesseract.')
2024-12-29 18:08:05,054 - INFO - Processing image 11/12
2024-12-29 18:08:05,128 - ERROR - Error processing image 11: (1, 'Error opening data file C:\\Program Files\\Tesseract-OCR/eng.traineddata Please make sure the TESSDATA_PREFIX environment variable is set to your "tessdata" directory. Failed loading language \'eng\' Error opening data file C:\\Program Files\\Tesseract-OCR/spa.traineddata Please make sure the TESSDATA_PREFIX environment variable is set to your "tessdata" directory. Failed loading language \'spa\' Error opening data file C:\\Program Files\\Tesseract-OCR/cat.traineddata Please make sure the TESSDATA_PREFIX environment variable is set to your "tessdata" directory. Failed loading language \'cat\' Tesseract couldn\'t load any languages! Could not initialize tesseract.')
2024-12-29 18:08:05,129 - INFO - Processing image 12/12
2024-12-29 18:08:05,201 - ERROR - Error processing image 12: (1, 'Error opening data file C:\\Program Files\\Tesseract-OCR/eng.traineddata Please make sure the TESSDATA_PREFIX environment variable is set to your "tessdata" directory. Failed loading language \'eng\' Error opening data file C:\\Program Files\\Tesseract-OCR/spa.traineddata Please make sure the TESSDATA_PREFIX environment variable is set to your "tessdata" directory. Failed loading language \'spa\' Error opening data file C:\\Program Files\\Tesseract-OCR/cat.traineddata Please make sure the TESSDATA_PREFIX environment variable is set to your "tessdata" directory. Failed loading language \'cat\' Tesseract couldn\'t load any languages! Could not initialize tesseract.')
2024-12-29 18:08:05,202 - INFO - Starting cleanup...
2024-12-29 18:08:05,241 - INFO - Cleanup completed
2024-12-29 18:08:23,270 - INFO - Tesseract version: 5.5.0.20241111
2024-12-29 18:08:23,271 - INFO - Found language files: C:\Program Files\Tesseract-OCR\tessdata\eng.traineddata, C:\Program Files\Tesseract-OCR\tessdata\spa.traineddata, C:\Program Files\Tesseract-OCR\tessdata\cat.traineddata
2024-12-29 18:08:23,271 - INFO - Starting to process PDF: C:\Proton Drive\My files\Documentación\Calle Barraca 8-2\JuanCuecosIbañez.pdf
2024-12-29 18:08:23,272 - INFO - Creating temporary copy at: C:\Users\Aleja\AppData\Local\Temp\Expapyrus\JuanCuecosIbañez.pdf
2024-12-29 18:08:23,286 - INFO - Converting PDF to images: C:\Users\Aleja\AppData\Local\Temp\Expapyrus\JuanCuecosIbañez.pdf
2024-12-29 18:08:23,286 - INFO - Checking poppler at: C:\Program Files\poppler-24.08.0\Library\bin
2024-12-29 18:08:23,286 - INFO - Using poppler for conversion
2024-12-29 18:08:26,892 - INFO - Successfully converted 12 pages
2024-12-29 18:08:26,892 - INFO - Processing image 1/12
2024-12-29 18:08:26,972 - ERROR - Error processing image 1: (1, 'Error opening data file C:\\Program Files\\Tesseract-OCR/eng.traineddata Please make sure the TESSDATA_PREFIX environment variable is set to your "tessdata" directory. Failed loading language \'eng\' Error opening data file C:\\Program Files\\Tesseract-OCR/spa.traineddata Please make sure the TESSDATA_PREFIX environment variable is set to your "tessdata" directory. Failed loading language \'spa\' Error opening data file C:\\Program Files\\Tesseract-OCR/cat.traineddata Please make sure the TESSDATA_PREFIX environment variable is set to your "tessdata" directory. Failed loading language \'cat\' Tesseract couldn\'t load any languages! Could not initialize tesseract.')
2024-12-29 18:08:26,973 - INFO - Processing image 2/12
2024-12-29 18:08:27,045 - ERROR - Error processing image 2: (1, 'Error opening data file C:\\Program Files\\Tesseract-OCR/eng.traineddata Please make sure the TESSDATA_PREFIX environment variable is set to your "tessdata" directory. Failed loading language \'eng\' Error opening data file C:\\Program Files\\Tesseract-OCR/spa.traineddata Please make sure the TESSDATA_PREFIX environment variable is set to your "tessdata" directory. Failed loading language \'spa\' Error opening data file C:\\Program Files\\Tesseract-OCR/cat.traineddata Please make sure the TESSDATA_PREFIX environment variable is set to your "tessdata" directory. Failed loading language \'cat\' Tesseract couldn\'t load any languages! Could not initialize tesseract.')
2024-12-29 18:08:27,045 - INFO - Processing image 3/12
2024-12-29 18:08:27,118 - ERROR - Error processing image 3: (1, 'Error opening data file C:\\Program Files\\Tesseract-OCR/eng.traineddata Please make sure the TESSDATA_PREFIX environment variable is set to your "tessdata" directory. Failed loading language \'eng\' Error opening data file C:\\Program Files\\Tesseract-OCR/spa.traineddata Please make sure the TESSDATA_PREFIX environment variable is set to your "tessdata" directory. Failed loading language \'spa\' Error opening data file C:\\Program Files\\Tesseract-OCR/cat.traineddata Please make sure the TESSDATA_PREFIX environment variable is set to your "tessdata" directory. Failed loading language \'cat\' Tesseract couldn\'t load any languages! Could not initialize tesseract.')
2024-12-29 18:08:27,119 - INFO - Processing image 4/12
2024-12-29 18:08:27,190 - ERROR - Error processing image 4: (1, 'Error opening data file C:\\Program Files\\Tesseract-OCR/eng.traineddata Please make sure the TESSDATA_PREFIX environment variable is set to your "tessdata" directory. Failed loading language \'eng\' Error opening data file C:\\Program Files\\Tesseract-OCR/spa.traineddata Please make sure the TESSDATA_PREFIX environment variable is set to your "tessdata" directory. Failed loading language \'spa\' Error opening data file C:\\Program Files\\Tesseract-OCR/cat.traineddata Please make sure the TESSDATA_PREFIX environment variable is set to your "tessdata" directory. Failed loading language \'cat\' Tesseract couldn\'t load any languages! Could not initialize tesseract.')
2024-12-29 18:08:27,191 - INFO - Processing image 5/12
2024-12-29 18:08:27,263 - ERROR - Error processing image 5: (1, 'Error opening data file C:\\Program Files\\Tesseract-OCR/eng.traineddata Please make sure the TESSDATA_PREFIX environment variable is set to your "tessdata" directory. Failed loading language \'eng\' Error opening data file C:\\Program Files\\Tesseract-OCR/spa.traineddata Please make sure the TESSDATA_PREFIX environment variable is set to your "tessdata" directory. Failed loading language \'spa\' Error opening data file C:\\Program Files\\Tesseract-OCR/cat.traineddata Please make sure the TESSDATA_PREFIX environment variable is set to your "tessdata" directory. Failed loading language \'cat\' Tesseract couldn\'t load any languages! Could not initialize tesseract.')
2024-12-29 18:08:27,264 - INFO - Processing image 6/12
2024-12-29 18:08:27,334 - ERROR - Error processing image 6: (1, 'Error opening data file C:\\Program Files\\Tesseract-OCR/eng.traineddata Please make sure the TESSDATA_PREFIX environment variable is set to your "tessdata" directory. Failed loading language \'eng\' Error opening data file C:\\Program Files\\Tesseract-OCR/spa.traineddata Please make sure the TESSDATA_PREFIX environment variable is set to your "tessdata" directory. Failed loading language \'spa\' Error opening data file C:\\Program Files\\Tesseract-OCR/cat.traineddata Please make sure the TESSDATA_PREFIX environment variable is set to your "tessdata" directory. Failed loading language \'cat\' Tesseract couldn\'t load any languages! Could not initialize tesseract.')
2024-12-29 18:08:27,334 - INFO - Processing image 7/12
2024-12-29 18:08:27,407 - ERROR - Error processing image 7: (1, 'Error opening data file C:\\Program Files\\Tesseract-OCR/eng.traineddata Please make sure the TESSDATA_PREFIX environment variable is set to your "tessdata" directory. Failed loading language \'eng\' Error opening data file C:\\Program Files\\Tesseract-OCR/spa.traineddata Please make sure the TESSDATA_PREFIX environment variable is set to your "tessdata" directory. Failed loading language \'spa\' Error opening data file C:\\Program Files\\Tesseract-OCR/cat.traineddata Please make sure the TESSDATA_PREFIX environment variable is set to your "tessdata" directory. Failed loading language \'cat\' Tesseract couldn\'t load any languages! Could not initialize tesseract.')
2024-12-29 18:08:27,407 - INFO - Processing image 8/12
2024-12-29 18:08:27,480 - ERROR - Error processing image 8: (1, 'Error opening data file C:\\Program Files\\Tesseract-OCR/eng.traineddata Please make sure the TESSDATA_PREFIX environment variable is set to your "tessdata" directory. Failed loading language \'eng\' Error opening data file C:\\Program Files\\Tesseract-OCR/spa.traineddata Please make sure the TESSDATA_PREFIX environment variable is set to your "tessdata" directory. Failed loading language \'spa\' Error opening data file C:\\Program Files\\Tesseract-OCR/cat.traineddata Please make sure the TESSDATA_PREFIX environment variable is set to your "tessdata" directory. Failed loading language \'cat\' Tesseract couldn\'t load any languages! Could not initialize tesseract.')
2024-12-29 18:08:27,481 - INFO - Processing image 9/12
2024-12-29 18:08:27,559 - ERROR - Error processing image 9: (1, 'Error opening data file C:\\Program Files\\Tesseract-OCR/eng.traineddata Please make sure the TESSDATA_PREFIX environment variable is set to your "tessdata" directory. Failed loading language \'eng\' Error opening data file C:\\Program Files\\Tesseract-OCR/spa.traineddata Please make sure the TESSDATA_PREFIX environment variable is set to your "tessdata" directory. Failed loading language \'spa\' Error opening data file C:\\Program Files\\Tesseract-OCR/cat.traineddata Please make sure the TESSDATA_PREFIX environment variable is set to your "tessdata" directory. Failed loading language \'cat\' Tesseract couldn\'t load any languages! Could not initialize tesseract.')
2024-12-29 18:08:27,560 - INFO - Processing image 10/12
2024-12-29 18:08:27,636 - ERROR - Error processing image 10: (1, 'Error opening data file C:\\Program Files\\Tesseract-OCR/eng.traineddata Please make sure the TESSDATA_PREFIX environment variable is set to your "tessdata" directory. Failed loading language \'eng\' Error opening data file C:\\Program Files\\Tesseract-OCR/spa.traineddata Please make sure the TESSDATA_PREFIX environment variable is set to your "tessdata" directory. Failed loading language \'spa\' Error opening data file C:\\Program Files\\Tesseract-OCR/cat.traineddata Please make sure the TESSDATA_PREFIX environment variable is set to your "tessdata" directory. Failed loading language \'cat\' Tesseract couldn\'t load any languages! Could not initialize tesseract.')
2024-12-29 18:08:27,637 - INFO - Processing image 11/12
2024-12-29 18:08:27,709 - ERROR - Error processing image 11: (1, 'Error opening data file C:\\Program Files\\Tesseract-OCR/eng.traineddata Please make sure the TESSDATA_PREFIX environment variable is set to your "tessdata" directory. Failed loading language \'eng\' Error opening data file C:\\Program Files\\Tesseract-OCR/spa.traineddata Please make sure the TESSDATA_PREFIX environment variable is set to your "tessdata" directory. Failed loading language \'spa\' Error opening data file C:\\Program Files\\Tesseract-OCR/cat.traineddata Please make sure the TESSDATA_PREFIX environment variable is set to your "tessdata" directory. Failed loading language \'cat\' Tesseract couldn\'t load any languages! Could not initialize tesseract.')
2024-12-29 18:08:27,709 - INFO - Processing image 12/12
2024-12-29 18:08:27,780 - ERROR - Error processing image 12: (1, 'Error opening data file C:\\Program Files\\Tesseract-OCR/eng.traineddata Please make sure the TESSDATA_PREFIX environment variable is set to your "tessdata" directory. Failed loading language \'eng\' Error opening data file C:\\Program Files\\Tesseract-OCR/spa.traineddata Please make sure the TESSDATA_PREFIX environment variable is set to your "tessdata" directory. Failed loading language \'spa\' Error opening data file C:\\Program Files\\Tesseract-OCR/cat.traineddata Please make sure the TESSDATA_PREFIX environment variable is set to your "tessdata" directory. Failed loading language \'cat\' Tesseract couldn\'t load any languages! Could not initialize tesseract.')
2024-12-29 18:08:27,780 - INFO - Starting cleanup...
2024-12-29 18:08:27,816 - INFO - Cleanup completed
2024-12-29 18:14:39,652 - INFO - Tesseract version: 5.5.0.20241111
2024-12-29 18:14:39,653 - INFO - Found language files: C:\Program Files\Tesseract-OCR\tessdata\eng.traineddata, C:\Program Files\Tesseract-OCR\tessdata\spa.traineddata, C:\Program Files\Tesseract-OCR\tessdata\cat.traineddata
2024-12-29 18:14:39,653 - INFO - Starting to process PDF: C:\Proton Drive\My files\Documentación\Calle Barraca 8-2\DenunciaAEATBarraca8.pdf
2024-12-29 18:14:39,654 - INFO - Creating temporary copy at: C:\Users\Aleja\AppData\Local\Temp\Expapyrus\DenunciaAEATBarraca8.pdf
2024-12-29 18:14:39,664 - INFO - Converting PDF to images: C:\Users\Aleja\AppData\Local\Temp\Expapyrus\DenunciaAEATBarraca8.pdf
2024-12-29 18:14:39,664 - INFO - Checking poppler at: C:\Program Files\poppler-24.08.0\Library\bin
2024-12-29 18:14:39,665 - INFO - Using poppler for conversion
2024-12-29 18:14:40,093 - INFO - Successfully converted 2 pages
2024-12-29 18:14:40,094 - INFO - Processing image 1/2
2024-12-29 18:14:40,184 - ERROR - Error processing image 1: (1, 'Error opening data file "C:\\Program Files\\Tesseract-OCR\\tessdata"/eng.traineddata Please make sure the TESSDATA_PREFIX environment variable is set to your "tessdata" directory. Failed loading language \'eng\' Error opening data file "C:\\Program Files\\Tesseract-OCR\\tessdata"/spa.traineddata Please make sure the TESSDATA_PREFIX environment variable is set to your "tessdata" directory. Failed loading language \'spa\' Error opening data file "C:\\Program Files\\Tesseract-OCR\\tessdata"/cat.traineddata Please make sure the TESSDATA_PREFIX environment variable is set to your "tessdata" directory. Failed loading language \'cat\' Tesseract couldn\'t load any languages! Could not initialize tesseract.')
2024-12-29 18:14:40,184 - INFO - Processing image 2/2
2024-12-29 18:14:40,271 - ERROR - Error processing image 2: (1, 'Error opening data file "C:\\Program Files\\Tesseract-OCR\\tessdata"/eng.traineddata Please make sure the TESSDATA_PREFIX environment variable is set to your "tessdata" directory. Failed loading language \'eng\' Error opening data file "C:\\Program Files\\Tesseract-OCR\\tessdata"/spa.traineddata Please make sure the TESSDATA_PREFIX environment variable is set to your "tessdata" directory. Failed loading language \'spa\' Error opening data file "C:\\Program Files\\Tesseract-OCR\\tessdata"/cat.traineddata Please make sure the TESSDATA_PREFIX environment variable is set to your "tessdata" directory. Failed loading language \'cat\' Tesseract couldn\'t load any languages! Could not initialize tesseract.')
2024-12-29 18:14:40,271 - INFO - Starting cleanup...
2024-12-29 18:14:40,279 - INFO - Cleanup completed
2024-12-29 18:19:02,700 - INFO - Tesseract version: 5.5.0.20241111
2024-12-29 18:19:02,700 - INFO - Found language files: C:\Program Files\Tesseract-OCR\tessdata\eng.traineddata, C:\Program Files\Tesseract-OCR\tessdata\spa.traineddata, C:\Program Files\Tesseract-OCR\tessdata\cat.traineddata
2024-12-29 18:19:02,701 - INFO - Starting to process PDF: C:\Proton Drive\My files\Documentación\Calle Barraca 8-2\ContratoBarraca8-2.pdf
2024-12-29 18:19:02,701 - INFO - Creating temporary copy at: C:\Users\Aleja\AppData\Local\Temp\Expapyrus\ContratoBarraca8-2.pdf
2024-12-29 18:19:02,715 - INFO - Converting PDF to images: C:\Users\Aleja\AppData\Local\Temp\Expapyrus\ContratoBarraca8-2.pdf
2024-12-29 18:19:02,715 - INFO - Checking poppler at: C:\Program Files\poppler-24.08.0\Library\bin
2024-12-29 18:19:02,716 - INFO - Using poppler for conversion
2024-12-29 18:19:04,283 - INFO - Successfully converted 3 pages
2024-12-29 18:19:04,283 - INFO - Processing image 1/3
2024-12-29 18:19:04,365 - ERROR - Error processing image 1: (1, 'Error opening data file "C:\\Program Files\\Tesseract-OCR\\tessdata"/eng.traineddata Please make sure the TESSDATA_PREFIX environment variable is set to your "tessdata" directory. Failed loading language \'eng\' Error opening data file "C:\\Program Files\\Tesseract-OCR\\tessdata"/spa.traineddata Please make sure the TESSDATA_PREFIX environment variable is set to your "tessdata" directory. Failed loading language \'spa\' Error opening data file "C:\\Program Files\\Tesseract-OCR\\tessdata"/cat.traineddata Please make sure the TESSDATA_PREFIX environment variable is set to your "tessdata" directory. Failed loading language \'cat\' Tesseract couldn\'t load any languages! Could not initialize tesseract.')
2024-12-29 18:19:04,366 - INFO - Processing image 2/3
2024-12-29 18:19:04,442 - ERROR - Error processing image 2: (1, 'Error opening data file "C:\\Program Files\\Tesseract-OCR\\tessdata"/eng.traineddata Please make sure the TESSDATA_PREFIX environment variable is set to your "tessdata" directory. Failed loading language \'eng\' Error opening data file "C:\\Program Files\\Tesseract-OCR\\tessdata"/spa.traineddata Please make sure the TESSDATA_PREFIX environment variable is set to your "tessdata" directory. Failed loading language \'spa\' Error opening data file "C:\\Program Files\\Tesseract-OCR\\tessdata"/cat.traineddata Please make sure the TESSDATA_PREFIX environment variable is set to your "tessdata" directory. Failed loading language \'cat\' Tesseract couldn\'t load any languages! Could not initialize tesseract.')
2024-12-29 18:19:04,443 - INFO - Processing image 3/3
2024-12-29 18:19:04,521 - ERROR - Error processing image 3: (1, 'Error opening data file "C:\\Program Files\\Tesseract-OCR\\tessdata"/eng.traineddata Please make sure the TESSDATA_PREFIX environment variable is set to your "tessdata" directory. Failed loading language \'eng\' Error opening data file "C:\\Program Files\\Tesseract-OCR\\tessdata"/spa.traineddata Please make sure the TESSDATA_PREFIX environment variable is set to your "tessdata" directory. Failed loading language \'spa\' Error opening data file "C:\\Program Files\\Tesseract-OCR\\tessdata"/cat.traineddata Please make sure the TESSDATA_PREFIX environment variable is set to your "tessdata" directory. Failed loading language \'cat\' Tesseract couldn\'t load any languages! Could not initialize tesseract.')
2024-12-29 18:19:04,522 - INFO - Starting cleanup...
2024-12-29 18:19:04,533 - INFO - Cleanup completed
2024-12-29 18:21:37,781 - INFO - Tesseract version: 5.5.0.20241111
2024-12-29 18:21:37,781 - INFO - Found language files: C:\Program Files\Tesseract-OCR\tessdata\eng.traineddata, C:\Program Files\Tesseract-OCR\tessdata\spa.traineddata, C:\Program Files\Tesseract-OCR\tessdata\cat.traineddata
2024-12-29 18:21:37,782 - INFO - Starting to process PDF: C:\Proton Drive\My files\Documentación\Calle Barraca 8-2\CartaAbogado.pdf
2024-12-29 18:21:37,782 - INFO - Creating temporary copy at: C:\Users\Aleja\AppData\Local\Temp\Expapyrus\CartaAbogado.pdf
2024-12-29 18:21:37,803 - INFO - Converting PDF to images: C:\Users\Aleja\AppData\Local\Temp\Expapyrus\CartaAbogado.pdf
2024-12-29 18:21:37,803 - INFO - Checking poppler at: C:\Program Files\poppler-24.08.0\Library\bin
2024-12-29 18:21:37,804 - INFO - Using poppler for conversion
2024-12-29 18:21:38,462 - INFO - Successfully converted 1 pages
2024-12-29 18:21:38,462 - INFO - Processing image 1/1
2024-12-29 18:21:38,549 - ERROR - Error processing image 1: (1, 'Error opening data file "C:\\Program Files\\Tesseract-OCR\\tessdata"/eng.traineddata Please make sure the TESSDATA_PREFIX environment variable is set to your "tessdata" directory. Failed loading language \'eng\' Error opening data file "C:\\Program Files\\Tesseract-OCR\\tessdata"/spa.traineddata Please make sure the TESSDATA_PREFIX environment variable is set to your "tessdata" directory. Failed loading language \'spa\' Error opening data file "C:\\Program Files\\Tesseract-OCR\\tessdata"/cat.traineddata Please make sure the TESSDATA_PREFIX environment variable is set to your "tessdata" directory. Failed loading language \'cat\' Tesseract couldn\'t load any languages! Could not initialize tesseract.')
2024-12-29 18:21:38,550 - INFO - Starting cleanup...
2024-12-29 18:21:38,554 - INFO - Cleanup completed
2024-12-29 18:22:31,651 - INFO - Tesseract version: 5.5.0.20241111
2024-12-29 18:22:31,651 - INFO - Found language files: C:\Program Files\Tesseract-OCR\tessdata\eng.traineddata, C:\Program Files\Tesseract-OCR\tessdata\spa.traineddata, C:\Program Files\Tesseract-OCR\tessdata\cat.traineddata
2024-12-29 18:22:31,652 - INFO - Starting to process PDF: C:\Proton Drive\My files\Documentación\Calle Barraca 8-2\JuanCuecosIbañez.pdf
2024-12-29 18:22:31,652 - INFO - Creating temporary copy at: C:\Users\Aleja\AppData\Local\Temp\Expapyrus\JuanCuecosIbañez.pdf
2024-12-29 18:22:31,664 - INFO - Converting PDF to images: C:\Users\Aleja\AppData\Local\Temp\Expapyrus\JuanCuecosIbañez.pdf
2024-12-29 18:22:31,664 - INFO - Checking poppler at: C:\Program Files\poppler-24.08.0\Library\bin
2024-12-29 18:22:31,665 - INFO - Using poppler for conversion
2024-12-29 18:22:35,180 - INFO - Successfully converted 12 pages
2024-12-29 18:22:35,180 - INFO - Processing image 1/12
2024-12-29 18:22:35,255 - ERROR - Error processing image 1: (1, 'Error opening data file "C:/Program Files/Tesseract-OCR/tessdata"/eng.traineddata Please make sure the TESSDATA_PREFIX environment variable is set to your "tessdata" directory. Failed loading language \'eng\' Error opening data file "C:/Program Files/Tesseract-OCR/tessdata"/spa.traineddata Please make sure the TESSDATA_PREFIX environment variable is set to your "tessdata" directory. Failed loading language \'spa\' Error opening data file "C:/Program Files/Tesseract-OCR/tessdata"/cat.traineddata Please make sure the TESSDATA_PREFIX environment variable is set to your "tessdata" directory. Failed loading language \'cat\' Tesseract couldn\'t load any languages! Could not initialize tesseract.')
2024-12-29 18:22:35,256 - INFO - Processing image 2/12
2024-12-29 18:22:35,327 - ERROR - Error processing image 2: (1, 'Error opening data file "C:/Program Files/Tesseract-OCR/tessdata"/eng.traineddata Please make sure the TESSDATA_PREFIX environment variable is set to your "tessdata" directory. Failed loading language \'eng\' Error opening data file "C:/Program Files/Tesseract-OCR/tessdata"/spa.traineddata Please make sure the TESSDATA_PREFIX environment variable is set to your "tessdata" directory. Failed loading language \'spa\' Error opening data file "C:/Program Files/Tesseract-OCR/tessdata"/cat.traineddata Please make sure the TESSDATA_PREFIX environment variable is set to your "tessdata" directory. Failed loading language \'cat\' Tesseract couldn\'t load any languages! Could not initialize tesseract.')
2024-12-29 18:22:35,328 - INFO - Processing image 3/12
2024-12-29 18:22:35,399 - ERROR - Error processing image 3: (1, 'Error opening data file "C:/Program Files/Tesseract-OCR/tessdata"/eng.traineddata Please make sure the TESSDATA_PREFIX environment variable is set to your "tessdata" directory. Failed loading language \'eng\' Error opening data file "C:/Program Files/Tesseract-OCR/tessdata"/spa.traineddata Please make sure the TESSDATA_PREFIX environment variable is set to your "tessdata" directory. Failed loading language \'spa\' Error opening data file "C:/Program Files/Tesseract-OCR/tessdata"/cat.traineddata Please make sure the TESSDATA_PREFIX environment variable is set to your "tessdata" directory. Failed loading language \'cat\' Tesseract couldn\'t load any languages! Could not initialize tesseract.')
2024-12-29 18:22:35,400 - INFO - Processing image 4/12
2024-12-29 18:22:35,470 - ERROR - Error processing image 4: (1, 'Error opening data file "C:/Program Files/Tesseract-OCR/tessdata"/eng.traineddata Please make sure the TESSDATA_PREFIX environment variable is set to your "tessdata" directory. Failed loading language \'eng\' Error opening data file "C:/Program Files/Tesseract-OCR/tessdata"/spa.traineddata Please make sure the TESSDATA_PREFIX environment variable is set to your "tessdata" directory. Failed loading language \'spa\' Error opening data file "C:/Program Files/Tesseract-OCR/tessdata"/cat.traineddata Please make sure the TESSDATA_PREFIX environment variable is set to your "tessdata" directory. Failed loading language \'cat\' Tesseract couldn\'t load any languages! Could not initialize tesseract.')
2024-12-29 18:22:35,471 - INFO - Processing image 5/12
2024-12-29 18:22:35,544 - ERROR - Error processing image 5: (1, 'Error opening data file "C:/Program Files/Tesseract-OCR/tessdata"/eng.traineddata Please make sure the TESSDATA_PREFIX environment variable is set to your "tessdata" directory. Failed loading language \'eng\' Error opening data file "C:/Program Files/Tesseract-OCR/tessdata"/spa.traineddata Please make sure the TESSDATA_PREFIX environment variable is set to your "tessdata" directory. Failed loading language \'spa\' Error opening data file "C:/Program Files/Tesseract-OCR/tessdata"/cat.traineddata Please make sure the TESSDATA_PREFIX environment variable is set to your "tessdata" directory. Failed loading language \'cat\' Tesseract couldn\'t load any languages! Could not initialize tesseract.')
2024-12-29 18:22:35,545 - INFO - Processing image 6/12
2024-12-29 18:22:35,617 - ERROR - Error processing image 6: (1, 'Error opening data file "C:/Program Files/Tesseract-OCR/tessdata"/eng.traineddata Please make sure the TESSDATA_PREFIX environment variable is set to your "tessdata" directory. Failed loading language \'eng\' Error opening data file "C:/Program Files/Tesseract-OCR/tessdata"/spa.traineddata Please make sure the TESSDATA_PREFIX environment variable is set to your "tessdata" directory. Failed loading language \'spa\' Error opening data file "C:/Program Files/Tesseract-OCR/tessdata"/cat.traineddata Please make sure the TESSDATA_PREFIX environment variable is set to your "tessdata" directory. Failed loading language \'cat\' Tesseract couldn\'t load any languages! Could not initialize tesseract.')
2024-12-29 18:22:35,618 - INFO - Processing image 7/12
2024-12-29 18:22:35,698 - ERROR - Error processing image 7: (1, 'Error opening data file "C:/Program Files/Tesseract-OCR/tessdata"/eng.traineddata Please make sure the TESSDATA_PREFIX environment variable is set to your "tessdata" directory. Failed loading language \'eng\' Error opening data file "C:/Program Files/Tesseract-OCR/tessdata"/spa.traineddata Please make sure the TESSDATA_PREFIX environment variable is set to your "tessdata" directory. Failed loading language \'spa\' Error opening data file "C:/Program Files/Tesseract-OCR/tessdata"/cat.traineddata Please make sure the TESSDATA_PREFIX environment variable is set to your "tessdata" directory. Failed loading language \'cat\' Tesseract couldn\'t load any languages! Could not initialize tesseract.')
2024-12-29 18:22:35,699 - INFO - Processing image 8/12
2024-12-29 18:22:35,792 - ERROR - Error processing image 8: (1, 'Error opening data file "C:/Program Files/Tesseract-OCR/tessdata"/eng.traineddata Please make sure the TESSDATA_PREFIX environment variable is set to your "tessdata" directory. Failed loading language \'eng\' Error opening data file "C:/Program Files/Tesseract-OCR/tessdata"/spa.traineddata Please make sure the TESSDATA_PREFIX environment variable is set to your "tessdata" directory. Failed loading language \'spa\' Error opening data file "C:/Program Files/Tesseract-OCR/tessdata"/cat.traineddata Please make sure the TESSDATA_PREFIX environment variable is set to your "tessdata" directory. Failed loading language \'cat\' Tesseract couldn\'t load any languages! Could not initialize tesseract.')
2024-12-29 18:22:35,792 - INFO - Processing image 9/12
2024-12-29 18:22:35,866 - ERROR - Error processing image 9: (1, 'Error opening data file "C:/Program Files/Tesseract-OCR/tessdata"/eng.traineddata Please make sure the TESSDATA_PREFIX environment variable is set to your "tessdata" directory. Failed loading language \'eng\' Error opening data file "C:/Program Files/Tesseract-OCR/tessdata"/spa.traineddata Please make sure the TESSDATA_PREFIX environment variable is set to your "tessdata" directory. Failed loading language \'spa\' Error opening data file "C:/Program Files/Tesseract-OCR/tessdata"/cat.traineddata Please make sure the TESSDATA_PREFIX environment variable is set to your "tessdata" directory. Failed loading language \'cat\' Tesseract couldn\'t load any languages! Could not initialize tesseract.')
2024-12-29 18:22:35,866 - INFO - Processing image 10/12
2024-12-29 18:22:35,937 - ERROR - Error processing image 10: (1, 'Error opening data file "C:/Program Files/Tesseract-OCR/tessdata"/eng.traineddata Please make sure the TESSDATA_PREFIX environment variable is set to your "tessdata" directory. Failed loading language \'eng\' Error opening data file "C:/Program Files/Tesseract-OCR/tessdata"/spa.traineddata Please make sure the TESSDATA_PREFIX environment variable is set to your "tessdata" directory. Failed loading language \'spa\' Error opening data file "C:/Program Files/Tesseract-OCR/tessdata"/cat.traineddata Please make sure the TESSDATA_PREFIX environment variable is set to your "tessdata" directory. Failed loading language \'cat\' Tesseract couldn\'t load any languages! Could not initialize tesseract.')
2024-12-29 18:22:35,938 - INFO - Processing image 11/12
2024-12-29 18:22:36,010 - ERROR - Error processing image 11: (1, 'Error opening data file "C:/Program Files/Tesseract-OCR/tessdata"/eng.traineddata Please make sure the TESSDATA_PREFIX environment variable is set to your "tessdata" directory. Failed loading language \'eng\' Error opening data file "C:/Program Files/Tesseract-OCR/tessdata"/spa.traineddata Please make sure the TESSDATA_PREFIX environment variable is set to your "tessdata" directory. Failed loading language \'spa\' Error opening data file "C:/Program Files/Tesseract-OCR/tessdata"/cat.traineddata Please make sure the TESSDATA_PREFIX environment variable is set to your "tessdata" directory. Failed loading language \'cat\' Tesseract couldn\'t load any languages! Could not initialize tesseract.')
2024-12-29 18:22:36,011 - INFO - Processing image 12/12
2024-12-29 18:22:36,081 - ERROR - Error processing image 12: (1, 'Error opening data file "C:/Program Files/Tesseract-OCR/tessdata"/eng.traineddata Please make sure the TESSDATA_PREFIX environment variable is set to your "tessdata" directory. Failed loading language \'eng\' Error opening data file "C:/Program Files/Tesseract-OCR/tessdata"/spa.traineddata Please make sure the TESSDATA_PREFIX environment variable is set to your "tessdata" directory. Failed loading language \'spa\' Error opening data file "C:/Program Files/Tesseract-OCR/tessdata"/cat.traineddata Please make sure the TESSDATA_PREFIX environment variable is set to your "tessdata" directory. Failed loading language \'cat\' Tesseract couldn\'t load any languages! Could not initialize tesseract.')
2024-12-29 18:22:36,081 - INFO - Starting cleanup...
2024-12-29 18:22:36,120 - INFO - Cleanup completed
2024-12-29 18:25:20,211 - INFO - Tesseract version: 5.5.0.20241111
2024-12-29 18:25:20,211 - INFO - Found language files: C:\Program Files\Tesseract-OCR\tessdata\eng.traineddata, C:\Program Files\Tesseract-OCR\tessdata\spa.traineddata, C:\Program Files\Tesseract-OCR\tessdata\cat.traineddata
2024-12-29 18:25:20,212 - INFO - Starting to process PDF: C:\Proton Drive\My files\Documentación\Calle Barraca 8-2\CartaAbogado.pdf
2024-12-29 18:25:20,212 - INFO - Creating temporary copy at: C:\Users\Aleja\AppData\Local\Temp\Expapyrus\CartaAbogado.pdf
2024-12-29 18:25:20,213 - INFO - Converting PDF to images: C:\Users\Aleja\AppData\Local\Temp\Expapyrus\CartaAbogado.pdf
2024-12-29 18:25:20,213 - INFO - Checking poppler at: C:\Program Files\poppler-24.08.0\Library\bin
2024-12-29 18:25:20,214 - INFO - Using poppler for conversion
2024-12-29 18:25:20,875 - INFO - Successfully converted 1 pages
2024-12-29 18:25:20,875 - INFO - Processing image 1/1
2024-12-29 18:25:20,937 - ERROR - Error processing image 1: 'list' object has no attribute 'read'
2024-12-29 18:25:20,938 - INFO - Starting cleanup...
2024-12-29 18:25:20,942 - INFO - Cleanup completed
2024-12-29 18:34:45,353 - INFO - Starting Expapyrus application
2024-12-29 18:34:55,772 - INFO - Application closed
2024-12-29 18:34:55,773 - INFO - Application terminated
2024-12-29 20:30:33,230 - INFO - Starting Expapyrus application
2024-12-29 20:30:42,379 - INFO - Tesseract version: 5.5.0.20241111
2024-12-29 20:30:42,379 - INFO - Found language files: C:\Program Files\Tesseract-OCR\tessdata\eng.traineddata, C:\Program Files\Tesseract-OCR\tessdata\spa.traineddata, C:\Program Files\Tesseract-OCR\tessdata\cat.traineddata
2024-12-29 20:31:10,429 - INFO - Application closed
2024-12-29 20:31:10,429 - INFO - Application terminated
2024-12-29 23:40:12,988 - INFO - Versión de Tesseract: 5.5.0.20241111
2024-12-29 23:40:17,699 - INFO - Archivo seleccionado: C:/Proton Drive/My files/Documentación/Calle Barraca 8-2/CompiladoCBarraca82.pdf
2024-12-29 23:41:47,435 - INFO - Versión de Tesseract: 5.5.0.20241111
2024-12-29 23:41:51,886 - INFO - Archivo seleccionado: C:/Proton Drive/My files/Documentación/Calle Barraca 8-2/ContratoBarraca8-2.pdf
2024-12-29 23:41:52,755 - INFO - Inicio del procesamiento del archivo.
2024-12-29 23:41:52,757 - INFO - Procesando PDF: C:\Proton Drive\My files\Documentación\Calle Barraca 8-2\ContratoBarraca8-2.pdf
2024-12-29 23:41:55,966 - ERROR - Error procesando la página 1: (1, 'Error opening data file "C:\\Program Files\\Tesseract-OCR\\tessdata"/eng.traineddata Please make sure the TESSDATA_PREFIX environment variable is set to your "tessdata" directory. Failed loading language \'eng\' Error opening data file "C:\\Program Files\\Tesseract-OCR\\tessdata"/spa.traineddata Please make sure the TESSDATA_PREFIX environment variable is set to your "tessdata" directory. Failed loading language \'spa\' Error opening data file "C:\\Program Files\\Tesseract-OCR\\tessdata"/cat.traineddata Please make sure the TESSDATA_PREFIX environment variable is set to your "tessdata" directory. Failed loading language \'cat\' Tesseract couldn\'t load any languages! Could not initialize tesseract.')
2024-12-29 23:41:57,078 - ERROR - Error procesando la página 2: (1, 'Error opening data file "C:\\Program Files\\Tesseract-OCR\\tessdata"/eng.traineddata Please make sure the TESSDATA_PREFIX environment variable is set to your "tessdata" directory. Failed loading language \'eng\' Error opening data file "C:\\Program Files\\Tesseract-OCR\\tessdata"/spa.traineddata Please make sure the TESSDATA_PREFIX environment variable is set to your "tessdata" directory. Failed loading language \'spa\' Error opening data file "C:\\Program Files\\Tesseract-OCR\\tessdata"/cat.traineddata Please make sure the TESSDATA_PREFIX environment variable is set to your "tessdata" directory. Failed loading language \'cat\' Tesseract couldn\'t load any languages! Could not initialize tesseract.')
2024-12-29 23:41:57,925 - ERROR - Error procesando la página 3: (1, 'Error opening data file "C:\\Program Files\\Tesseract-OCR\\tessdata"/eng.traineddata Please make sure the TESSDATA_PREFIX environment variable is set to your "tessdata" directory. Failed loading language \'eng\' Error opening data file "C:\\Program Files\\Tesseract-OCR\\tessdata"/spa.traineddata Please make sure the TESSDATA_PREFIX environment variable is set to your "tessdata" directory. Failed loading language \'spa\' Error opening data file "C:\\Program Files\\Tesseract-OCR\\tessdata"/cat.traineddata Please make sure the TESSDATA_PREFIX environment variable is set to your "tessdata" directory. Failed loading language \'cat\' Tesseract couldn\'t load any languages! Could not initialize tesseract.')
2024-12-29 23:41:57,944 - INFO - Texto extraído guardado en: C:\Proton Drive\My files\Documentación\Calle Barraca 8-2\ContratoBarraca8-2_extracted_text.txt
2024-12-29 23:47:04,094 - INFO - Versión de Tesseract: 5.5.0.20241111
2024-12-29 23:47:11,792 - INFO - Archivo seleccionado: C:/Proton Drive/My files/Documentación/Calle Barraca 8-2/JuanCuecosIbañez.pdf
2024-12-29 23:47:12,586 - INFO - Inicio del procesamiento del archivo.
2024-12-29 23:47:12,588 - INFO - Procesando PDF: C:\Proton Drive\My files\Documentación\Calle Barraca 8-2\JuanCuecosIbañez.pdf
2024-12-29 23:47:19,524 - ERROR - Error procesando la página 1: (1, 'Error opening data file C:\\Program/eng.traineddata Please make sure the TESSDATA_PREFIX environment variable is set to your "tessdata" directory. Failed loading language \'eng\' Error opening data file C:\\Program/spa.traineddata Please make sure the TESSDATA_PREFIX environment variable is set to your "tessdata" directory. Failed loading language \'spa\' Error opening data file C:\\Program/cat.traineddata Please make sure the TESSDATA_PREFIX environment variable is set to your "tessdata" directory. Failed loading language \'cat\' Tesseract couldn\'t load any languages! Could not initialize tesseract.')
2024-12-29 23:47:22,777 - ERROR - Error procesando la página 2: (1, 'Error opening data file C:\\Program/eng.traineddata Please make sure the TESSDATA_PREFIX environment variable is set to your "tessdata" directory. Failed loading language \'eng\' Error opening data file C:\\Program/spa.traineddata Please make sure the TESSDATA_PREFIX environment variable is set to your "tessdata" directory. Failed loading language \'spa\' Error opening data file C:\\Program/cat.traineddata Please make sure the TESSDATA_PREFIX environment variable is set to your "tessdata" directory. Failed loading language \'cat\' Tesseract couldn\'t load any languages! Could not initialize tesseract.')
2024-12-29 23:47:25,800 - ERROR - Error procesando la página 3: (1, 'Error opening data file C:\\Program/eng.traineddata Please make sure the TESSDATA_PREFIX environment variable is set to your "tessdata" directory. Failed loading language \'eng\' Error opening data file C:\\Program/spa.traineddata Please make sure the TESSDATA_PREFIX environment variable is set to your "tessdata" directory. Failed loading language \'spa\' Error opening data file C:\\Program/cat.traineddata Please make sure the TESSDATA_PREFIX environment variable is set to your "tessdata" directory. Failed loading language \'cat\' Tesseract couldn\'t load any languages! Could not initialize tesseract.')
2024-12-29 23:47:28,926 - ERROR - Error procesando la página 4: (1, 'Error opening data file C:\\Program/eng.traineddata Please make sure the TESSDATA_PREFIX environment variable is set to your "tessdata" directory. Failed loading language \'eng\' Error opening data file C:\\Program/spa.traineddata Please make sure the TESSDATA_PREFIX environment variable is set to your "tessdata" directory. Failed loading language \'spa\' Error opening data file C:\\Program/cat.traineddata Please make sure the TESSDATA_PREFIX environment variable is set to your "tessdata" directory. Failed loading language \'cat\' Tesseract couldn\'t load any languages! Could not initialize tesseract.')
2024-12-29 23:47:32,146 - ERROR - Error procesando la página 5: (1, 'Error opening data file C:\\Program/eng.traineddata Please make sure the TESSDATA_PREFIX environment variable is set to your "tessdata" directory. Failed loading language \'eng\' Error opening data file C:\\Program/spa.traineddata Please make sure the TESSDATA_PREFIX environment variable is set to your "tessdata" directory. Failed loading language \'spa\' Error opening data file C:\\Program/cat.traineddata Please make sure the TESSDATA_PREFIX environment variable is set to your "tessdata" directory. Failed loading language \'cat\' Tesseract couldn\'t load any languages! Could not initialize tesseract.')
2024-12-29 23:47:35,299 - ERROR - Error procesando la página 6: (1, 'Error opening data file C:\\Program/eng.traineddata Please make sure the TESSDATA_PREFIX environment variable is set to your "tessdata" directory. Failed loading language \'eng\' Error opening data file C:\\Program/spa.traineddata Please make sure the TESSDATA_PREFIX environment variable is set to your "tessdata" directory. Failed loading language \'spa\' Error opening data file C:\\Program/cat.traineddata Please make sure the TESSDATA_PREFIX environment variable is set to your "tessdata" directory. Failed loading language \'cat\' Tesseract couldn\'t load any languages! Could not initialize tesseract.')
2024-12-29 23:47:38,620 - ERROR - Error procesando la página 7: (1, 'Error opening data file C:\\Program/eng.traineddata Please make sure the TESSDATA_PREFIX environment variable is set to your "tessdata" directory. Failed loading language \'eng\' Error opening data file C:\\Program/spa.traineddata Please make sure the TESSDATA_PREFIX environment variable is set to your "tessdata" directory. Failed loading language \'spa\' Error opening data file C:\\Program/cat.traineddata Please make sure the TESSDATA_PREFIX environment variable is set to your "tessdata" directory. Failed loading language \'cat\' Tesseract couldn\'t load any languages! Could not initialize tesseract.')
2024-12-29 23:47:41,952 - ERROR - Error procesando la página 8: (1, 'Error opening data file C:\\Program/eng.traineddata Please make sure the TESSDATA_PREFIX environment variable is set to your "tessdata" directory. Failed loading language \'eng\' Error opening data file C:\\Program/spa.traineddata Please make sure the TESSDATA_PREFIX environment variable is set to your "tessdata" directory. Failed loading language \'spa\' Error opening data file C:\\Program/cat.traineddata Please make sure the TESSDATA_PREFIX environment variable is set to your "tessdata" directory. Failed loading language \'cat\' Tesseract couldn\'t load any languages! Could not initialize tesseract.')
2024-12-29 23:47:45,213 - ERROR - Error procesando la página 9: (1, 'Error opening data file C:\\Program/eng.traineddata Please make sure the TESSDATA_PREFIX environment variable is set to your "tessdata" directory. Failed loading language \'eng\' Error opening data file C:\\Program/spa.traineddata Please make sure the TESSDATA_PREFIX environment variable is set to your "tessdata" directory. Failed loading language \'spa\' Error opening data file C:\\Program/cat.traineddata Please make sure the TESSDATA_PREFIX environment variable is set to your "tessdata" directory. Failed loading language \'cat\' Tesseract couldn\'t load any languages! Could not initialize tesseract.')
2024-12-29 23:47:48,342 - ERROR - Error procesando la página 10: (1, 'Error opening data file C:\\Program/eng.traineddata Please make sure the TESSDATA_PREFIX environment variable is set to your "tessdata" directory. Failed loading language \'eng\' Error opening data file C:\\Program/spa.traineddata Please make sure the TESSDATA_PREFIX environment variable is set to your "tessdata" directory. Failed loading language \'spa\' Error opening data file C:\\Program/cat.traineddata Please make sure the TESSDATA_PREFIX environment variable is set to your "tessdata" directory. Failed loading language \'cat\' Tesseract couldn\'t load any languages! Could not initialize tesseract.')
2024-12-29 23:47:51,553 - ERROR - Error procesando la página 11: (1, 'Error opening data file C:\\Program/eng.traineddata Please make sure the TESSDATA_PREFIX environment variable is set to your "tessdata" directory. Failed loading language \'eng\' Error opening data file C:\\Program/spa.traineddata Please make sure the TESSDATA_PREFIX environment variable is set to your "tessdata" directory. Failed loading language \'spa\' Error opening data file C:\\Program/cat.traineddata Please make sure the TESSDATA_PREFIX environment variable is set to your "tessdata" directory. Failed loading language \'cat\' Tesseract couldn\'t load any languages! Could not initialize tesseract.')
2024-12-29 23:47:54,883 - ERROR - Error procesando la página 12: (1, 'Error opening data file C:\\Program/eng.traineddata Please make sure the TESSDATA_PREFIX environment variable is set to your "tessdata" directory. Failed loading language \'eng\' Error opening data file C:\\Program/spa.traineddata Please make sure the TESSDATA_PREFIX environment variable is set to your "tessdata" directory. Failed loading language \'spa\' Error opening data file C:\\Program/cat.traineddata Please make sure the TESSDATA_PREFIX environment variable is set to your "tessdata" directory. Failed loading language \'cat\' Tesseract couldn\'t load any languages! Could not initialize tesseract.')
2024-12-29 23:47:54,945 - INFO - Texto extraído guardado en: C:\Proton Drive\My files\Documentación\Calle Barraca 8-2\JuanCuecosIbañez_extracted_text.txt
2024-12-29 23:52:34,471 - INFO - TESSDATA_PREFIX establecido en: C:\Program Files\Tesseract-OCR
2024-12-29 23:52:34,472 - INFO - Ruta a tessdata: C:\Program Files\Tesseract-OCR\tessdata
2024-12-29 23:52:34,491 - INFO - Versión de Tesseract: 5.5.0.20241111
2024-12-29 23:52:39,746 - INFO - Archivo seleccionado: C:/Proton Drive/My files/Documentación/Calle Barraca 8-2/JuanCuecosIbañez.pdf
2024-12-29 23:52:41,529 - INFO - Inicio del procesamiento del archivo.
2024-12-29 23:52:41,532 - INFO - Procesando PDF: C:\Proton Drive\My files\Documentación\Calle Barraca 8-2\JuanCuecosIbañez.pdf
2024-12-29 23:52:48,488 - ERROR - Error procesando la página 1: (1, 'Error opening data file C:\\Program Files\\Tesseract-OCR/eng.traineddata Please make sure the TESSDATA_PREFIX environment variable is set to your "tessdata" directory. Failed loading language \'eng\' Error opening data file C:\\Program Files\\Tesseract-OCR/spa.traineddata Please make sure the TESSDATA_PREFIX environment variable is set to your "tessdata" directory. Failed loading language \'spa\' Error opening data file C:\\Program Files\\Tesseract-OCR/cat.traineddata Please make sure the TESSDATA_PREFIX environment variable is set to your "tessdata" directory. Failed loading language \'cat\' Tesseract couldn\'t load any languages! Could not initialize tesseract.')
2024-12-29 23:52:51,727 - ERROR - Error procesando la página 2: (1, 'Error opening data file C:\\Program Files\\Tesseract-OCR/eng.traineddata Please make sure the TESSDATA_PREFIX environment variable is set to your "tessdata" directory. Failed loading language \'eng\' Error opening data file C:\\Program Files\\Tesseract-OCR/spa.traineddata Please make sure the TESSDATA_PREFIX environment variable is set to your "tessdata" directory. Failed loading language \'spa\' Error opening data file C:\\Program Files\\Tesseract-OCR/cat.traineddata Please make sure the TESSDATA_PREFIX environment variable is set to your "tessdata" directory. Failed loading language \'cat\' Tesseract couldn\'t load any languages! Could not initialize tesseract.')
